<?xml version="1.0" encoding="UTF-8"?>
<testsuite name="com.example.demo.ApplicationTests" time="0" tests="3" errors="0" skipped="1" failures="1">
  <properties>
[...]
</properties>
  <testcase name="testcase1" classname="com.example.demo.ApplicationTests" time="0"/>
  <testcase name="testcase2" classname="com.example.demo.ApplicationTests" time="0">
    <failure message="&#10;Expected: is &lt;2&gt;&#10;     but: was &lt;1&gt;" type="java.lang.AssertionError"><![CDATA[java.lang.AssertionError: 
Expected: is <2>
     but: was <1>
	at org.hamcrest.MatcherAssert.assertThat(MatcherAssert.java:20)
	at org.junit.Assert.assertThat(Assert.java:956)
	at org.junit.Assert.assertThat(Assert.java:923)
	at com.example.demo.ApplicationTests.testcase2(ApplicationTests.java:18)
]]></failure>
  </testcase>
  <testcase name="skiptestcase" classname="com.example.demo.ApplicationTests" time="0">
    <skipped/>
  </testcase>
</testsuite>